<?xml version="1.0" encoding="UTF-8"?>
<!-- Generated by org.testng.reporters.JUnitReportReporter -->
<testsuite hostname="pc" name="MavenProject" tests="1" failures="0" timestamp="15 Jan 2021 06:39:11 GMT" time="18.554" errors="0">
  <testcase name="test" time="18.554" classname="MavenProject"/>
</testsuite>
