<?xml version="1.0" encoding="UTF-8"?>
<!-- Generated by org.testng.reporters.JUnitReportReporter -->
<testsuite skipped="0" hostname="pc" name="MavenProject" tests="1" failures="0" timestamp="2021-01-10T10:32:31 IST" time="0.015" errors="0">
  <testcase name="test" time="0.015" classname="MavenProject"/>
  <system-out/>
</testsuite> <!-- MavenProject -->
