<?xml version="1.0" encoding="UTF-8"?>
<!-- Generated by org.testng.reporters.JUnitReportReporter -->
<testsuite hostname="pc" name="MavenProject" tests="1" failures="0" timestamp="15 Jan 2021 04:02:10 GMT" time="29.910" errors="0">
  <testcase name="test" time="29.910" classname="MavenProject"/>
</testsuite>
